2017-02-20 20:54:47.391639 [ERROR] [AbstractCommand.cc:351] CUID#90 - Download aborted. URI=https://download.gimp.org/pub/gimp/v2.8/osx/gimp-2.8.20-x86_64.dmg
Exception: [AbstractCommand.cc:351] errorCode=1 URI=https://download.gimp.org/pub/gimp/v2.8/osx/gimp-2.8.20-x86_64.dmg
  -> [SocketCore.cc:1015] errorCode=1 SSL/TLS handshake failure: Connection aborted
2017-02-20 20:54:47.392851 [ERROR] [AbstractCommand.cc:351] CUID#85 - Download aborted. URI=https://download.gimp.org/pub/gimp/v2.8/osx/gimp-2.8.20-x86_64.dmg
Exception: [AbstractCommand.cc:351] errorCode=1 URI=https://download.gimp.org/pub/gimp/v2.8/osx/gimp-2.8.20-x86_64.dmg
  -> [SocketCore.cc:1015] errorCode=1 SSL/TLS handshake failure: Connection aborted
2017-02-20 20:54:47.393799 [ERROR] [AbstractCommand.cc:351] CUID#88 - Download aborted. URI=https://download.gimp.org/pub/gimp/v2.8/osx/gimp-2.8.20-x86_64.dmg
Exception: [AbstractCommand.cc:351] errorCode=1 URI=https://download.gimp.org/pub/gimp/v2.8/osx/gimp-2.8.20-x86_64.dmg
  -> [SocketCore.cc:1015] errorCode=1 SSL/TLS handshake failure: Connection aborted
2017-02-20 20:54:47.394094 [ERROR] [AbstractCommand.cc:351] CUID#93 - Download aborted. URI=https://download.gimp.org/pub/gimp/v2.8/osx/gimp-2.8.20-x86_64.dmg
Exception: [AbstractCommand.cc:351] errorCode=1 URI=https://download.gimp.org/pub/gimp/v2.8/osx/gimp-2.8.20-x86_64.dmg
  -> [SocketCore.cc:1015] errorCode=1 SSL/TLS handshake failure: Connection aborted
2017-02-20 20:54:49.712622 [ERROR] [AbstractCommand.cc:351] CUID#89 - Download aborted. URI=https://download.gimp.org/pub/gimp/v2.8/osx/gimp-2.8.20-x86_64.dmg
Exception: [AbstractCommand.cc:351] errorCode=1 URI=https://download.gimp.org/pub/gimp/v2.8/osx/gimp-2.8.20-x86_64.dmg
  -> [SocketCore.cc:1015] errorCode=1 SSL/TLS handshake failure: Connection aborted
2017-02-20 22:51:39.224761 [ERROR] [AbstractCommand.cc:378] CUID#10 - Download aborted. URI=https://github-cloud.s3.amazonaws.com/assets/repositories/81905084/776266?X-Amz-Algorithm=AWS4-HMAC-SHA256&X-Amz-Credential=AKIAISTNZFOVBIJMK3TQ%2F20170217%2Fus-east-1%2Fs3%2Faws4_request&X-Amz-Date=20170217T162459Z&X-Amz-Expires=300&X-Amz-Signature=1715941900361e4c2519dc26a8c5ddd8dd8f88c7871a5640e2dbda5917918952&X-Amz-SignedHeaders=host&actor_id=1412813&response-content-disposition=attachment%3Bfilename%3DOperating_System_From_0_to_1.pdf&response-content-type=application%2Fpdf
Exception: [AbstractProxyResponseCommand.cc:75] errorCode=1 Proxy connection failed.
2017-02-20 22:51:39.226560 [ERROR] [AbstractCommand.cc:378] CUID#11 - Download aborted. URI=https://download.gimp.org/pub/gimp/v2.8/osx/gimp-2.8.20-x86_64.dmg
Exception: [AbstractProxyResponseCommand.cc:75] errorCode=1 Proxy connection failed.
2017-02-21 02:31:34.398131 [ERROR] [DHTSetup.cc:109] Exception caught while loading DHT routing table from /Users/chaomai/.cache/aria2/dht6.dat
Exception: [DHTRoutingTableDeserializer.cc:83] errorCode=1 Failed to load DHT routing table from /Users/chaomai/.cache/aria2/dht6.dat
2017-02-21 14:59:56.064027 [ERROR] [AbstractCommand.cc:351] CUID#10 - Download aborted. URI=https://mac-installer.github.com/mac/GitHub%20Desktop%20222.zip
Exception: [AbstractCommand.cc:351] errorCode=19 URI=https://mac-installer.github.com/mac/GitHub%20Desktop%20222.zip
  -> [NameResolver.cc:60] errorCode=19 Failed to resolve the hostname mac-installer.github.com, cause: nodename nor servname provided, or not known
2017-02-21 22:41:56.670088 [ERROR] [AbstractCommand.cc:351] CUID#20 - Download aborted. URI=https://kapeli.com/downloads/v4/Dash.zip
Exception: [AbstractCommand.cc:351] errorCode=8 URI=https://kapeli.com/downloads/v4/Dash.zip
  -> [HttpResponse.cc:86] errorCode=8 Invalid range header. Request: 5242880-6291455/15805349, Response: 5242880-6291455/15805452
2017-02-21 22:42:20.216362 [ERROR] [AbstractCommand.cc:351] CUID#11 - Download aborted. URI=https://kapeli.com/downloads/v4/Dash.zip
Exception: [AbstractCommand.cc:351] errorCode=8 URI=https://kapeli.com/downloads/v4/Dash.zip
  -> [HttpResponse.cc:86] errorCode=8 Invalid range header. Request: 5242880-6291455/15805349, Response: 5242880-6291455/15805452
2017-02-21 22:43:10.896547 [ERROR] [AbstractCommand.cc:351] CUID#21 - Download aborted. URI=https://kapeli.com/downloads/v4/Dash.zip
Exception: [AbstractCommand.cc:351] errorCode=8 URI=https://kapeli.com/downloads/v4/Dash.zip
  -> [HttpResponse.cc:86] errorCode=8 Invalid range header. Request: 5242880-6291455/15805349, Response: 5242880-6291455/15805452
2017-02-21 22:43:13.593209 [ERROR] [AbstractCommand.cc:351] CUID#19 - Download aborted. URI=https://kapeli.com/downloads/v4/Dash.zip
Exception: [AbstractCommand.cc:351] errorCode=8 URI=https://kapeli.com/downloads/v4/Dash.zip
  -> [HttpResponse.cc:86] errorCode=8 Invalid range header. Request: 5242880-6291455/15805349, Response: 5242880-6291455/15805452
2017-02-21 22:44:09.184946 [ERROR] [AbstractCommand.cc:351] CUID#13 - Download aborted. URI=https://kapeli.com/downloads/v4/Dash.zip
Exception: [AbstractCommand.cc:351] errorCode=8 URI=https://kapeli.com/downloads/v4/Dash.zip
  -> [HttpResponse.cc:86] errorCode=8 Invalid range header. Request: 10240479-10485759/15805349, Response: 10240479-10485759/15805452
2017-02-21 22:44:11.082729 [ERROR] [AbstractCommand.cc:351] CUID#30 - Download aborted. URI=https://kapeli.com/downloads/v4/Dash.zip
Exception: [AbstractCommand.cc:351] errorCode=8 URI=https://kapeli.com/downloads/v4/Dash.zip
  -> [HttpResponse.cc:86] errorCode=8 Invalid range header. Request: 10240479-10485759/15805349, Response: 10240479-10485759/15805452
2017-02-21 22:44:43.366457 [ERROR] [AbstractCommand.cc:351] CUID#33 - Download aborted. URI=https://kapeli.com/downloads/v4/Dash.zip
Exception: [AbstractCommand.cc:351] errorCode=8 URI=https://kapeli.com/downloads/v4/Dash.zip
  -> [HttpResponse.cc:86] errorCode=8 Invalid range header. Request: 5734400-6291455/15805349, Response: 5734400-6291455/15805452
2017-02-21 22:44:45.723816 [ERROR] [AbstractCommand.cc:351] CUID#34 - Download aborted. URI=https://kapeli.com/downloads/v4/Dash.zip
Exception: [AbstractCommand.cc:351] errorCode=8 URI=https://kapeli.com/downloads/v4/Dash.zip
  -> [HttpResponse.cc:86] errorCode=8 Invalid range header. Request: 8142848-8388607/15805349, Response: 8142848-8388607/15805452
2017-02-21 22:44:48.704589 [ERROR] [AbstractCommand.cc:351] CUID#35 - Download aborted. URI=https://kapeli.com/downloads/v4/Dash.zip
Exception: [AbstractCommand.cc:351] errorCode=8 URI=https://kapeli.com/downloads/v4/Dash.zip
  -> [HttpResponse.cc:86] errorCode=8 Invalid range header. Request: 10240000-10485759/15805349, Response: 10240000-10485759/15805452
2017-02-21 22:45:24.016599 [ERROR] [AbstractCommand.cc:403] CUID#47 - Download aborted. URI=https://kapeli.com/downloads/v4/Dash.zip
Exception: [AbstractCommand.cc:403] errorCode=1 URI=https://kapeli.com/downloads/v4/Dash.zip
  -> [RequestGroup.cc:760] errorCode=1 Download aborted.
  -> [DefaultBtProgressInfoFile.cc:300] errorCode=1 total length mismatch. expected: 15805452, actual: 15805349
2017-02-24 17:59:01.875811 [ERROR] [AbstractCommand.cc:378] CUID#10 - Download aborted. URI=https://datalab.snu.ac.kr/data/haten2/1998DARPA.tar.gz
Exception: [AbstractProxyResponseCommand.cc:75] errorCode=1 Proxy connection failed.
2017-02-24 17:59:01.881571 [ERROR] [AbstractCommand.cc:378] CUID#11 - Download aborted. URI=https://datalab.snu.ac.kr/data/haten2/freebase_music.tar.gz
Exception: [AbstractProxyResponseCommand.cc:75] errorCode=1 Proxy connection failed.
2017-02-24 18:02:56.770658 [ERROR] [AbstractCommand.cc:378] CUID#10 - Download aborted. URI=https://datalab.snu.ac.kr/data/haten2/1998DARPA.tar.gz
Exception: [AbstractProxyResponseCommand.cc:75] errorCode=1 Proxy connection failed.
2017-02-24 18:02:56.775080 [ERROR] [AbstractCommand.cc:378] CUID#11 - Download aborted. URI=https://datalab.snu.ac.kr/data/haten2/freebase_music.tar.gz
Exception: [AbstractProxyResponseCommand.cc:75] errorCode=1 Proxy connection failed.
2017-02-24 18:19:08.325516 [ERROR] [AbstractCommand.cc:378] CUID#10 - Download aborted. URI=https://datalab.snu.ac.kr/data/haten2/1998DARPA.tar.gz
Exception: [AbstractProxyResponseCommand.cc:75] errorCode=1 Proxy connection failed.
2017-02-24 18:19:08.327941 [ERROR] [AbstractCommand.cc:378] CUID#11 - Download aborted. URI=https://datalab.snu.ac.kr/data/haten2/freebase_music.tar.gz
Exception: [AbstractProxyResponseCommand.cc:75] errorCode=1 Proxy connection failed.
